<?xml version="1.0" encoding="UTF-8"?>
<!-- Generated by org.testng.reporters.JUnitReportReporter -->
<testsuite hostname="DESKTOP-62KGI1A" failures="0" tests="4" name="api.test.UserTests2" time="9.986" errors="0" timestamp="2023-02-26T15:43:25 IST" skipped="0">
  <testcase classname="api.test.UserTests2" name="testPostUser" time="4.483"/>
  <system-out/>
  <testcase classname="api.test.UserTests2" name="testGetUserByName" time="1.234"/>
  <system-out/>
  <testcase classname="api.test.UserTests2" name="testUpdateUserByName" time="2.578"/>
  <system-out/>
  <testcase classname="api.test.UserTests2" name="testDeleteUserByName" time="1.691"/>
  <system-out/>
</testsuite> <!-- api.test.UserTests2 -->
