<?xml version="1.0" encoding="UTF-8"?>
<!-- Generated by org.testng.reporters.JUnitReportReporter -->
<testsuite hostname="DESKTOP-62KGI1A" failures="0" tests="4" name="api.test.UserTests" time="32.349" errors="0" timestamp="2023-02-26T10:45:37 IST" skipped="0">
  <testcase classname="api.test.UserTests" name="testPostUser" time="27.042"/>
  <system-out/>
  <testcase classname="api.test.UserTests" name="testGetUserByName" time="1.480"/>
  <system-out/>
  <testcase classname="api.test.UserTests" name="testUpdateUserByName" time="2.663"/>
  <system-out/>
  <testcase classname="api.test.UserTests" name="testDeleteUserByName" time="1.164"/>
  <system-out/>
</testsuite> <!-- api.test.UserTests -->
