<?xml version="1.0" encoding="UTF-8"?>
<!-- Generated by org.testng.reporters.JUnitReportReporter -->
<testsuite hostname="DESKTOP-62KGI1A" failures="0" tests="3" name="api.test.DDTests" time="12.830" errors="0" timestamp="2023-02-26T10:18:11 IST" skipped="0">
  <testcase classname="api.test.DDTests" name="testPostUsers" time="10.292"/>
  <system-out/>
  <testcase classname="api.test.DDTests" name="testPostUsers" time="1.270"/>
  <system-out/>
  <testcase classname="api.test.DDTests" name="testPostUsers" time="1.268"/>
  <system-out/>
</testsuite> <!-- api.test.DDTests -->
