<?xml version="1.0" encoding="UTF-8"?>
<!-- Generated by org.testng.reporters.JUnitReportReporter -->
<testsuite hostname="DESKTOP-62KGI1A" failures="0" tests="4" name="api.test.UserTests2" time="18.695" errors="0" timestamp="2023-02-26T16:17:35 IST" skipped="0">
  <testcase classname="api.test.UserTests2" name="testPostUser" time="13.527"/>
  <system-out/>
  <testcase classname="api.test.UserTests2" name="testGetUserByName" time="1.380"/>
  <system-out/>
  <testcase classname="api.test.UserTests2" name="testUpdateUserByName" time="2.492"/>
  <system-out/>
  <testcase classname="api.test.UserTests2" name="testDeleteUserByName" time="1.296"/>
  <system-out/>
</testsuite> <!-- api.test.UserTests2 -->
